# JRE version: Java(TM) SE Runtime Environment 18.9 (11.0.17+10) (build 11.0.17+10-LTS-269)
# Java VM: Java HotSpot(TM) 64-Bit Server VM 18.9 (11.0.17+10-LTS-269, mixed mode, tiered, compressed oops, g1 gc, linux-amd64)
Heap:
 garbage-first heap   total 237568K, used 85197K [0x0000000086e00000, 0x0000000100000000)
  region size 1024K, 66 young (67584K), 10 survivors (10240K)
 Metaspace       used 67666K, capacity 69571K, committed 69768K, reserved 1110016K
  class space    used 8098K, capacity 8910K, committed 8960K, reserved 1048576K
GC Heap History (10 events):
Event: 58.498 GC heap before
{Heap before GC invocations=4 (full 0):
 garbage-first heap   total 124928K, used 19530K [0x0000000086e00000, 0x0000000100000000)
  region size 1024K, 13 young (13312K), 4 survivors (4096K)
 Metaspace       used 22738K, capacity 23361K, committed 23552K, reserved 1069056K
  class space    used 2933K, capacity 3228K, committed 3328K, reserved 1048576K
}
Event: 58.501 GC heap after
{Heap after GC invocations=5 (full 0):
 garbage-first heap   total 124928K, used 12205K [0x0000000086e00000, 0x0000000100000000)
  region size 1024K, 4 young (4096K), 4 survivors (4096K)
 Metaspace       used 22738K, capacity 23361K, committed 23552K, reserved 1069056K
  class space    used 2933K, capacity 3228K, committed 3328K, reserved 1048576K
}
Event: 122.249 GC heap before
{Heap before GC invocations=6 (full 0):
 garbage-first heap   total 237568K, used 177069K [0x0000000086e00000, 0x0000000100000000)
  region size 1024K, 55 young (56320K), 4 survivors (4096K)
 Metaspace       used 37417K, capacity 38701K, committed 39040K, reserved 1083392K
  class space    used 4875K, capacity 5415K, committed 5504K, reserved 1048576K
}
Event: 122.263 GC heap after
{Heap after GC invocations=7 (full 0):
 garbage-first heap   total 237568K, used 19122K [0x0000000086e00000, 0x0000000100000000)
  region size 1024K, 7 young (7168K), 7 survivors (7168K)
 Metaspace       used 37417K, capacity 38701K, committed 39040K, reserved 1083392K
  class space    used 4875K, capacity 5415K, committed 5504K, reserved 1048576K
}
Event: 123.505 GC heap before
{Heap before GC invocations=7 (full 0):
 garbage-first heap   total 237568K, used 25266K [0x0000000086e00000, 0x0000000100000000)
  region size 1024K, 14 young (14336K), 7 survivors (7168K)
 Metaspace       used 37891K, capacity 39236K, committed 39256K, reserved 1083392K
  class space    used 4931K, capacity 5504K, committed 5504K, reserved 1048576K
}
Event: 123.512 GC heap after
{Heap after GC invocations=8 (full 0):
 garbage-first heap   total 237568K, used 21465K [0x0000000086e00000, 0x0000000100000000)
  region size 1024K, 3 young (3072K), 3 survivors (3072K)
 Metaspace       used 37891K, capacity 39236K, committed 39256K, reserved 1083392K
  class space    used 4931K, capacity 5504K, committed 5504K, reserved 1048576K
}
Event: 288.676 GC heap before
{Heap before GC invocations=9 (full 0):
 garbage-first heap   total 237568K, used 92121K [0x0000000086e00000, 0x0000000100000000)
  region size 1024K, 73 young (74752K), 3 survivors (3072K)
 Metaspace       used 43491K, capacity 45074K, committed 45220K, reserved 1087488K
  class space    used 5671K, capacity 6322K, committed 6400K, reserved 1048576K
}
Event: 289.001 GC heap after
{Heap after GC invocations=10 (full 0):
 garbage-first heap   total 237568K, used 23494K [0x0000000086e00000, 0x0000000100000000)
  region size 1024K, 5 young (5120K), 5 survivors (5120K)
 Metaspace       used 43491K, capacity 45074K, committed 45220K, reserved 1087488K
  class space    used 5671K, capacity 6322K, committed 6400K, reserved 1048576K
}
Event: 312.230 GC heap before
{Heap before GC invocations=10 (full 0):
 garbage-first heap   total 237568K, used 93126K [0x0000000086e00000, 0x0000000100000000)
  region size 1024K, 74 young (75776K), 5 survivors (5120K)
 Metaspace       used 64109K, capacity 65923K, committed 65956K, reserved 1105920K
  class space    used 7881K, capacity 8677K, committed 8704K, reserved 1048576K
}
Event: 312.240 GC heap after
{Heap after GC invocations=11 (full 0):
 garbage-first heap   total 237568K, used 28877K [0x0000000086e00000, 0x0000000100000000)
  region size 1024K, 10 young (10240K), 10 survivors (10240K)
 Metaspace       used 64109K, capacity 65923K, committed 65956K, reserved 1105920K
  class space    used 7881K, capacity 8677K, committed 8704K, reserved 1048576K
}

